{"C:\\Users\\Kilian\\Documents\\Diplomarbeit\\development\\packages\\projectjs\\src\\app.ts": {"path":"C:\\Users\\Kilian\\Documents\\Diplomarbeit\\development\\packages\\projectjs\\src\\app.ts","statementMap":{"0":{"start":{"line":5,"column":0},"end":{"line":5,"column":26}},"1":{"start":{"line":6,"column":0},"end":{"line":6,"column":53}},"2":{"start":{"line":7,"column":0},"end":{"line":7,"column":43}},"3":{"start":{"line":8,"column":0},"end":{"line":8,"column":73}},"4":{"start":{"line":9,"column":0},"end":{"line":9,"column":91}},"5":{"start":{"line":10,"column":0},"end":{"line":10,"column":25}},"6":{"start":{"line":13,"column":12},"end":{"line":13,"column":21}},"7":{"start":{"line":14,"column":38},"end":{"line":14,"column":41}},"8":{"start":{"line":43,"column":9},"end":{"line":43,"column":12}},"9":{"start":{"line":43,"column":14},"end":{"line":43,"column":17}},"10":{"start":{"line":43,"column":19},"end":{"line":43,"column":28}},"11":{"start":{"line":43,"column":30},"end":{"line":43,"column":34}},"12":{"start":{"line":21,"column":2},"end":{"line":37,"column":null}},"13":{"start":{"line":22,"column":4},"end":{"line":22,"column":null}},"14":{"start":{"line":23,"column":4},"end":{"line":23,"column":null}},"15":{"start":{"line":24,"column":4},"end":{"line":24,"column":null}},"16":{"start":{"line":25,"column":4},"end":{"line":25,"column":null}},"17":{"start":{"line":26,"column":4},"end":{"line":29,"column":null}},"18":{"start":{"line":27,"column":17},"end":{"line":27,"column":64}},"19":{"start":{"line":28,"column":18},"end":{"line":28,"column":32}},"20":{"start":{"line":30,"column":4},"end":{"line":33,"column":null}},"21":{"start":{"line":31,"column":17},"end":{"line":31,"column":65}},"22":{"start":{"line":32,"column":18},"end":{"line":32,"column":32}},"23":{"start":{"line":34,"column":4},"end":{"line":34,"column":null}},"24":{"start":{"line":36,"column":4},"end":{"line":36,"column":null}},"25":{"start":{"line":40,"column":0},"end":{"line":40,"column":null}}},"fnMap":{"0":{"name":"Startup","decl":{"start":{"line":20,"column":15},"end":{"line":20,"column":22}},"loc":{"start":{"line":20,"column":22},"end":{"line":38,"column":1}}},"1":{"name":"(anonymous_2)","decl":{"start":{"line":27,"column":12},"end":{"line":27,"column":13}},"loc":{"start":{"line":27,"column":17},"end":{"line":27,"column":64}}},"2":{"name":"(anonymous_3)","decl":{"start":{"line":28,"column":13},"end":{"line":28,"column":14}},"loc":{"start":{"line":28,"column":18},"end":{"line":28,"column":32}}},"3":{"name":"(anonymous_4)","decl":{"start":{"line":31,"column":12},"end":{"line":31,"column":13}},"loc":{"start":{"line":31,"column":17},"end":{"line":31,"column":65}}},"4":{"name":"(anonymous_5)","decl":{"start":{"line":32,"column":13},"end":{"line":32,"column":14}},"loc":{"start":{"line":32,"column":18},"end":{"line":32,"column":32}}}},"branchMap":{},"s":{"0":1,"1":1,"2":1,"3":1,"4":1,"5":1,"6":1,"7":1,"8":1,"9":1,"10":1,"11":1,"12":1,"13":1,"14":1,"15":1,"16":0,"17":0,"18":0,"19":0,"20":0,"21":0,"22":0,"23":0,"24":0,"25":1},"f":{"0":1,"1":0,"2":0,"3":0,"4":0},"b":{}}
,"C:\\Users\\Kilian\\Documents\\Diplomarbeit\\development\\packages\\projectjs\\src\\server.ts": {"path":"C:\\Users\\Kilian\\Documents\\Diplomarbeit\\development\\packages\\projectjs\\src\\server.ts","statementMap":{"0":{"start":{"line":10,"column":0},"end":{"line":10,"column":46}},"1":{"start":{"line":11,"column":0},"end":{"line":11,"column":41}},"2":{"start":{"line":13,"column":0},"end":{"line":13,"column":48}},"3":{"start":{"line":14,"column":0},"end":{"line":14,"column":37}},"4":{"start":{"line":15,"column":0},"end":{"line":15,"column":42}},"5":{"start":{"line":16,"column":0},"end":{"line":16,"column":44}},"6":{"start":{"line":17,"column":0},"end":{"line":17,"column":33}},"7":{"start":{"line":19,"column":0},"end":{"line":19,"column":25}},"8":{"start":{"line":31,"column":4},"end":{"line":31,"column":null}},"9":{"start":{"line":32,"column":4},"end":{"line":32,"column":null}},"10":{"start":{"line":33,"column":4},"end":{"line":33,"column":null}},"11":{"start":{"line":34,"column":4},"end":{"line":34,"column":null}},"12":{"start":{"line":35,"column":4},"end":{"line":35,"column":null}},"13":{"start":{"line":42,"column":4},"end":{"line":52,"column":null}},"14":{"start":{"line":43,"column":22},"end":{"line":45,"column":8}},"15":{"start":{"line":46,"column":6},"end":{"line":48,"column":null}},"16":{"start":{"line":47,"column":8},"end":{"line":47,"column":null}},"17":{"start":{"line":49,"column":6},"end":{"line":49,"column":null}},"18":{"start":{"line":51,"column":6},"end":{"line":51,"column":null}},"19":{"start":{"line":59,"column":4},"end":{"line":59,"column":null}},"20":{"start":{"line":60,"column":4},"end":{"line":62,"column":null}},"21":{"start":{"line":61,"column":6},"end":{"line":61,"column":null}},"22":{"start":{"line":69,"column":4},"end":{"line":69,"column":null}},"23":{"start":{"line":70,"column":4},"end":{"line":70,"column":null}},"24":{"start":{"line":79,"column":4},"end":{"line":79,"column":null}},"25":{"start":{"line":81,"column":4},"end":{"line":81,"column":null}},"26":{"start":{"line":24,"column":0},"end":{"line":24,"column":21}}},"fnMap":{"0":{"name":"(anonymous_1)","decl":{"start":{"line":30,"column":2},"end":{"line":30,"column":null}},"loc":{"start":{"line":30,"column":2},"end":{"line":36,"column":3}}},"1":{"name":"(anonymous_2)","decl":{"start":{"line":41,"column":10},"end":{"line":41,"column":20}},"loc":{"start":{"line":41,"column":20},"end":{"line":53,"column":3}}},"2":{"name":"(anonymous_3)","decl":{"start":{"line":58,"column":10},"end":{"line":58,"column":23}},"loc":{"start":{"line":58,"column":23},"end":{"line":63,"column":3}}},"3":{"name":"(anonymous_4)","decl":{"start":{"line":60,"column":43},"end":{"line":60,"column":46}},"loc":{"start":{"line":60,"column":48},"end":{"line":62,"column":5}}},"4":{"name":"(anonymous_5)","decl":{"start":{"line":68,"column":10},"end":{"line":68,"column":24}},"loc":{"start":{"line":68,"column":24},"end":{"line":73,"column":3}}},"5":{"name":"(anonymous_6)","decl":{"start":{"line":78,"column":10},"end":{"line":78,"column":27}},"loc":{"start":{"line":78,"column":27},"end":{"line":82,"column":3}}}},"branchMap":{"0":{"loc":{"start":{"line":46,"column":6},"end":{"line":48,"column":null}},"type":"if","locations":[{"start":{"line":46,"column":6},"end":{"line":48,"column":null}},{"start":{"line":46,"column":6},"end":{"line":48,"column":null}}]}},"s":{"0":1,"1":1,"2":1,"3":1,"4":1,"5":1,"6":1,"7":1,"8":1,"9":1,"10":1,"11":1,"12":1,"13":1,"14":1,"15":1,"16":0,"17":1,"18":0,"19":1,"20":1,"21":0,"22":1,"23":1,"24":1,"25":1,"26":1},"f":{"0":1,"1":1,"2":1,"3":0,"4":1,"5":1},"b":{"0":[0,1]}}
,"C:\\Users\\Kilian\\Documents\\Diplomarbeit\\development\\packages\\projectjs\\src\\api\\routes\\index.ts": {"path":"C:\\Users\\Kilian\\Documents\\Diplomarbeit\\development\\packages\\projectjs\\src\\api\\routes\\index.ts","statementMap":{"0":{"start":{"line":1,"column":0},"end":{"line":1,"column":33}},"1":{"start":{"line":3,"column":15},"end":{"line":3,"column":23}},"2":{"start":{"line":7,"column":0},"end":{"line":9,"column":null}},"3":{"start":{"line":8,"column":2},"end":{"line":8,"column":null}},"4":{"start":{"line":11,"column":0},"end":{"line":11,"column":null}}},"fnMap":{"0":{"name":"(anonymous_0)","decl":{"start":{"line":7,"column":20},"end":{"line":7,"column":21}},"loc":{"start":{"line":7,"column":33},"end":{"line":9,"column":1}}}},"branchMap":{},"s":{"0":1,"1":1,"2":1,"3":0,"4":1},"f":{"0":0},"b":{}}
,"C:\\Users\\Kilian\\Documents\\Diplomarbeit\\development\\packages\\projectjs\\src\\config\\default.ts": {"path":"C:\\Users\\Kilian\\Documents\\Diplomarbeit\\development\\packages\\projectjs\\src\\config\\default.ts","statementMap":{"0":{"start":{"line":3,"column":13},"end":{"line":8,"column":null}}},"fnMap":{},"branchMap":{},"s":{"0":1},"f":{},"b":{}}
,"C:\\Users\\Kilian\\Documents\\Diplomarbeit\\development\\packages\\projectjs\\src\\drivers\\modbus.ts": {"path":"C:\\Users\\Kilian\\Documents\\Diplomarbeit\\development\\packages\\projectjs\\src\\drivers\\modbus.ts","statementMap":{"0":{"start":{"line":1,"column":0},"end":{"line":1,"column":34}},"1":{"start":{"line":2,"column":0},"end":{"line":2,"column":25}},"2":{"start":{"line":3,"column":0},"end":{"line":3,"column":28}},"3":{"start":{"line":4,"column":0},"end":{"line":4,"column":28}},"4":{"start":{"line":5,"column":0},"end":{"line":5,"column":54}},"5":{"start":{"line":7,"column":15},"end":{"line":7,"column":27}},"6":{"start":{"line":8,"column":15},"end":{"line":8,"column":44}},"7":{"start":{"line":14,"column":2},"end":{"line":23,"column":null}},"8":{"start":{"line":15,"column":4},"end":{"line":22,"column":null}},"9":{"start":{"line":18,"column":8},"end":{"line":18,"column":null}},"10":{"start":{"line":21,"column":8},"end":{"line":21,"column":null}},"11":{"start":{"line":27,"column":2},"end":{"line":38,"column":null}},"12":{"start":{"line":28,"column":4},"end":{"line":31,"column":null}},"13":{"start":{"line":29,"column":28},"end":{"line":29,"column":57}},"14":{"start":{"line":30,"column":21},"end":{"line":30,"column":37}},"15":{"start":{"line":31,"column":21},"end":{"line":31,"column":53}},"16":{"start":{"line":32,"column":4},"end":{"line":35,"column":null}},"17":{"start":{"line":33,"column":28},"end":{"line":33,"column":57}},"18":{"start":{"line":34,"column":21},"end":{"line":34,"column":48}},"19":{"start":{"line":35,"column":21},"end":{"line":35,"column":54}},"20":{"start":{"line":37,"column":4},"end":{"line":37,"column":null}},"21":{"start":{"line":26,"column":0},"end":{"line":26,"column":16}},"22":{"start":{"line":42,"column":2},"end":{"line":53,"column":null}},"23":{"start":{"line":43,"column":4},"end":{"line":52,"column":null}},"24":{"start":{"line":49,"column":8},"end":{"line":49,"column":null}},"25":{"start":{"line":50,"column":8},"end":{"line":50,"column":null}},"26":{"start":{"line":41,"column":0},"end":{"line":41,"column":16}}},"fnMap":{"0":{"name":"readPVHoldingRegister","decl":{"start":{"line":13,"column":9},"end":{"line":13,"column":30}},"loc":{"start":{"line":13,"column":39},"end":{"line":24,"column":1}}},"1":{"name":"(anonymous_3)","decl":{"start":{"line":14,"column":21},"end":{"line":14,"column":22}},"loc":{"start":{"line":14,"column":41},"end":{"line":23,"column":3}}},"2":{"name":"(anonymous_4)","decl":{"start":{"line":17,"column":12},"end":{"line":17,"column":13}},"loc":{"start":{"line":17,"column":16},"end":{"line":19,"column":7}}},"3":{"name":"(anonymous_5)","decl":{"start":{"line":20,"column":13},"end":{"line":20,"column":18}},"loc":{"start":{"line":20,"column":21},"end":{"line":22,"column":7}}},"4":{"name":"mountModbusPVPoller","decl":{"start":{"line":26,"column":16},"end":{"line":26,"column":35}},"loc":{"start":{"line":26,"column":52},"end":{"line":39,"column":1}}},"5":{"name":"(anonymous_7)","decl":{"start":{"line":27,"column":21},"end":{"line":27,"column":28}},"loc":{"start":{"line":27,"column":31},"end":{"line":38,"column":3}}},"6":{"name":"(anonymous_8)","decl":{"start":{"line":29,"column":22},"end":{"line":29,"column":25}},"loc":{"start":{"line":29,"column":28},"end":{"line":29,"column":57}}},"7":{"name":"(anonymous_9)","decl":{"start":{"line":30,"column":16},"end":{"line":30,"column":17}},"loc":{"start":{"line":30,"column":21},"end":{"line":30,"column":37}}},"8":{"name":"(anonymous_10)","decl":{"start":{"line":31,"column":16},"end":{"line":31,"column":17}},"loc":{"start":{"line":31,"column":21},"end":{"line":31,"column":53}}},"9":{"name":"(anonymous_11)","decl":{"start":{"line":33,"column":22},"end":{"line":33,"column":25}},"loc":{"start":{"line":33,"column":28},"end":{"line":33,"column":57}}},"10":{"name":"(anonymous_12)","decl":{"start":{"line":34,"column":16},"end":{"line":34,"column":17}},"loc":{"start":{"line":34,"column":21},"end":{"line":34,"column":48}}},"11":{"name":"(anonymous_13)","decl":{"start":{"line":35,"column":16},"end":{"line":35,"column":17}},"loc":{"start":{"line":35,"column":21},"end":{"line":35,"column":54}}},"12":{"name":"connectModbus","decl":{"start":{"line":41,"column":16},"end":{"line":41,"column":29}},"loc":{"start":{"line":41,"column":29},"end":{"line":54,"column":1}}},"13":{"name":"(anonymous_15)","decl":{"start":{"line":42,"column":21},"end":{"line":42,"column":28}},"loc":{"start":{"line":42,"column":31},"end":{"line":53,"column":3}}},"14":{"name":"(anonymous_16)","decl":{"start":{"line":48,"column":6},"end":{"line":48,"column":9}},"loc":{"start":{"line":48,"column":11},"end":{"line":51,"column":7}}}},"branchMap":{},"s":{"0":1,"1":1,"2":1,"3":1,"4":1,"5":1,"6":1,"7":0,"8":0,"9":0,"10":0,"11":0,"12":0,"13":0,"14":0,"15":0,"16":0,"17":0,"18":0,"19":0,"20":0,"21":1,"22":1,"23":1,"24":0,"25":0,"26":1},"f":{"0":0,"1":0,"2":0,"3":0,"4":0,"5":0,"6":0,"7":0,"8":0,"9":0,"10":0,"11":0,"12":1,"13":1,"14":0},"b":{}}
,"C:\\Users\\Kilian\\Documents\\Diplomarbeit\\development\\packages\\projectjs\\src\\drivers\\udp.ts": {"path":"C:\\Users\\Kilian\\Documents\\Diplomarbeit\\development\\packages\\projectjs\\src\\drivers\\udp.ts","statementMap":{"0":{"start":{"line":1,"column":0},"end":{"line":1,"column":44}},"1":{"start":{"line":2,"column":0},"end":{"line":2,"column":56}},"2":{"start":{"line":5,"column":0},"end":{"line":5,"column":47}},"3":{"start":{"line":6,"column":0},"end":{"line":6,"column":25}},"4":{"start":{"line":16,"column":2},"end":{"line":16,"column":null}},"5":{"start":{"line":15,"column":0},"end":{"line":15,"column":16}},"6":{"start":{"line":27,"column":2},"end":{"line":38,"column":null}},"7":{"start":{"line":28,"column":4},"end":{"line":37,"column":null}},"8":{"start":{"line":29,"column":6},"end":{"line":36,"column":null}},"9":{"start":{"line":30,"column":8},"end":{"line":35,"column":null}},"10":{"start":{"line":31,"column":10},"end":{"line":33,"column":null}},"11":{"start":{"line":32,"column":12},"end":{"line":32,"column":null}},"12":{"start":{"line":34,"column":10},"end":{"line":34,"column":null}},"13":{"start":{"line":26,"column":0},"end":{"line":26,"column":16}},"14":{"start":{"line":42,"column":19},"end":{"line":42,"column":32}},"15":{"start":{"line":43,"column":2},"end":{"line":43,"column":null}},"16":{"start":{"line":44,"column":2},"end":{"line":44,"column":null}},"17":{"start":{"line":41,"column":0},"end":{"line":41,"column":7}},"18":{"start":{"line":47,"column":13},"end":{"line":56,"column":null}},"19":{"start":{"line":48,"column":2},"end":{"line":55,"column":null}},"20":{"start":{"line":49,"column":4},"end":{"line":53,"column":null}},"21":{"start":{"line":50,"column":22},"end":{"line":50,"column":37}},"22":{"start":{"line":52,"column":22},"end":{"line":52,"column":49}},"23":{"start":{"line":54,"column":4},"end":{"line":54,"column":null}}},"fnMap":{"0":{"name":"loadCharger","decl":{"start":{"line":15,"column":16},"end":{"line":15,"column":27}},"loc":{"start":{"line":15,"column":27},"end":{"line":17,"column":1}}},"1":{"name":"sendUDPPoll","decl":{"start":{"line":26,"column":16},"end":{"line":26,"column":27}},"loc":{"start":{"line":26,"column":82},"end":{"line":39,"column":1}}},"2":{"name":"(anonymous_3)","decl":{"start":{"line":27,"column":21},"end":{"line":27,"column":22}},"loc":{"start":{"line":27,"column":41},"end":{"line":38,"column":3}}},"3":{"name":"(anonymous_4)","decl":{"start":{"line":28,"column":21},"end":{"line":28,"column":28}},"loc":{"start":{"line":28,"column":31},"end":{"line":37,"column":5}}},"4":{"name":"(anonymous_5)","decl":{"start":{"line":29,"column":22},"end":{"line":29,"column":28}},"loc":{"start":{"line":29,"column":31},"end":{"line":36,"column":7}}},"5":{"name":"(anonymous_6)","decl":{"start":{"line":30,"column":58},"end":{"line":30,"column":59}},"loc":{"start":{"line":30,"column":75},"end":{"line":35,"column":9}}},"6":{"name":"doWallboxPoll","decl":{"start":{"line":41,"column":22},"end":{"line":41,"column":35}},"loc":{"start":{"line":41,"column":35},"end":{"line":45,"column":1}}},"7":{"name":"(anonymous_8)","decl":{"start":{"line":47,"column":27},"end":{"line":47,"column":28}},"loc":{"start":{"line":47,"column":70},"end":{"line":56,"column":1}}},"8":{"name":"(anonymous_9)","decl":{"start":{"line":48,"column":21},"end":{"line":48,"column":22}},"loc":{"start":{"line":48,"column":41},"end":{"line":55,"column":3}}},"9":{"name":"(anonymous_10)","decl":{"start":{"line":50,"column":16},"end":{"line":50,"column":19}},"loc":{"start":{"line":50,"column":22},"end":{"line":50,"column":37}}},"10":{"name":"(anonymous_11)","decl":{"start":{"line":52,"column":15},"end":{"line":52,"column":18}},"loc":{"start":{"line":52,"column":22},"end":{"line":52,"column":49}}}},"branchMap":{"0":{"loc":{"start":{"line":31,"column":10},"end":{"line":33,"column":null}},"type":"if","locations":[{"start":{"line":31,"column":10},"end":{"line":33,"column":null}},{"start":{"line":31,"column":10},"end":{"line":33,"column":null}}]}},"s":{"0":1,"1":1,"2":1,"3":1,"4":0,"5":1,"6":0,"7":0,"8":0,"9":0,"10":0,"11":0,"12":0,"13":1,"14":0,"15":0,"16":0,"17":1,"18":1,"19":1,"20":1,"21":0,"22":0,"23":1},"f":{"0":0,"1":0,"2":0,"3":0,"4":0,"5":0,"6":0,"7":1,"8":1,"9":0,"10":0},"b":{"0":[0,0]}}
,"C:\\Users\\Kilian\\Documents\\Diplomarbeit\\development\\packages\\projectjs\\src\\publisher\\mqtt.ts": {"path":"C:\\Users\\Kilian\\Documents\\Diplomarbeit\\development\\packages\\projectjs\\src\\publisher\\mqtt.ts","statementMap":{"0":{"start":{"line":1,"column":0},"end":{"line":1,"column":44}},"1":{"start":{"line":3,"column":0},"end":{"line":3,"column":28}},"2":{"start":{"line":4,"column":0},"end":{"line":4,"column":56}},"3":{"start":{"line":5,"column":0},"end":{"line":5,"column":36}},"4":{"start":{"line":8,"column":2},"end":{"line":10,"column":null}},"5":{"start":{"line":9,"column":4},"end":{"line":9,"column":null}},"6":{"start":{"line":11,"column":2},"end":{"line":11,"column":null}},"7":{"start":{"line":7,"column":0},"end":{"line":7,"column":16}},"8":{"start":{"line":18,"column":2},"end":{"line":57,"column":null}},"9":{"start":{"line":24,"column":4},"end":{"line":24,"column":70}},"10":{"start":{"line":24,"column":40},"end":{"line":24,"column":67}},"11":{"start":{"line":25,"column":4},"end":{"line":25,"column":89}},"12":{"start":{"line":25,"column":36},"end":{"line":25,"column":87}},"13":{"start":{"line":30,"column":22},"end":{"line":30,"column":34}},"14":{"start":{"line":31,"column":4},"end":{"line":43,"column":null}},"15":{"start":{"line":31,"column":30},"end":{"line":31,"column":43}},"16":{"start":{"line":32,"column":6},"end":{"line":41,"column":null}},"17":{"start":{"line":33,"column":30},"end":{"line":33,"column":54}},"18":{"start":{"line":34,"column":24},"end":{"line":34,"column":40}},"19":{"start":{"line":35,"column":26},"end":{"line":35,"column":78}},"20":{"start":{"line":38,"column":8},"end":{"line":38,"column":null}},"21":{"start":{"line":40,"column":8},"end":{"line":40,"column":null}},"22":{"start":{"line":42,"column":6},"end":{"line":42,"column":null}},"23":{"start":{"line":46,"column":4},"end":{"line":49,"column":null}},"24":{"start":{"line":46,"column":30},"end":{"line":46,"column":43}},"25":{"start":{"line":47,"column":22},"end":{"line":47,"column":36}},"26":{"start":{"line":48,"column":6},"end":{"line":48,"column":null}},"27":{"start":{"line":54,"column":4},"end":{"line":54,"column":null}},"28":{"start":{"line":54,"column":32},"end":{"line":54,"column":74}},"29":{"start":{"line":55,"column":4},"end":{"line":55,"column":null}},"30":{"start":{"line":55,"column":30},"end":{"line":55,"column":70}},"31":{"start":{"line":56,"column":4},"end":{"line":56,"column":null}},"32":{"start":{"line":17,"column":0},"end":{"line":17,"column":16}}},"fnMap":{"0":{"name":"_detectStatusChange","decl":{"start":{"line":7,"column":16},"end":{"line":7,"column":35}},"loc":{"start":{"line":7,"column":70},"end":{"line":12,"column":1}}},"1":{"name":"mountMqttPublisher","decl":{"start":{"line":17,"column":16},"end":{"line":17,"column":34}},"loc":{"start":{"line":17,"column":69},"end":{"line":58,"column":1}}},"2":{"name":"(anonymous_2)","decl":{"start":{"line":18,"column":21},"end":{"line":18,"column":28}},"loc":{"start":{"line":18,"column":31},"end":{"line":57,"column":3}}},"3":{"name":"(anonymous_3)","decl":{"start":{"line":24,"column":26},"end":{"line":24,"column":35}},"loc":{"start":{"line":24,"column":40},"end":{"line":24,"column":67}}},"4":{"name":"(anonymous_4)","decl":{"start":{"line":25,"column":30},"end":{"line":25,"column":33}},"loc":{"start":{"line":25,"column":36},"end":{"line":25,"column":87}}},"5":{"name":"(anonymous_5)","decl":{"start":{"line":31,"column":25},"end":{"line":31,"column":26}},"loc":{"start":{"line":31,"column":30},"end":{"line":31,"column":43}}},"6":{"name":"(anonymous_6)","decl":{"start":{"line":31,"column":56},"end":{"line":31,"column":57}},"loc":{"start":{"line":31,"column":60},"end":{"line":43,"column":5}}},"7":{"name":"(anonymous_7)","decl":{"start":{"line":46,"column":25},"end":{"line":46,"column":26}},"loc":{"start":{"line":46,"column":30},"end":{"line":46,"column":43}}},"8":{"name":"(anonymous_8)","decl":{"start":{"line":46,"column":56},"end":{"line":46,"column":57}},"loc":{"start":{"line":46,"column":60},"end":{"line":49,"column":5}}},"9":{"name":"(anonymous_9)","decl":{"start":{"line":54,"column":25},"end":{"line":54,"column":28}},"loc":{"start":{"line":54,"column":32},"end":{"line":54,"column":74}}},"10":{"name":"(anonymous_10)","decl":{"start":{"line":55,"column":23},"end":{"line":55,"column":26}},"loc":{"start":{"line":55,"column":30},"end":{"line":55,"column":70}}}},"branchMap":{"0":{"loc":{"start":{"line":8,"column":2},"end":{"line":10,"column":null}},"type":"if","locations":[{"start":{"line":8,"column":2},"end":{"line":10,"column":null}},{"start":{"line":8,"column":2},"end":{"line":10,"column":null}}]}},"s":{"0":1,"1":1,"2":1,"3":1,"4":1,"5":1,"6":0,"7":1,"8":0,"9":0,"10":0,"11":0,"12":0,"13":0,"14":0,"15":0,"16":0,"17":0,"18":0,"19":0,"20":0,"21":0,"22":0,"23":0,"24":0,"25":0,"26":0,"27":0,"28":0,"29":0,"30":0,"31":0,"32":1},"f":{"0":1,"1":0,"2":0,"3":0,"4":0,"5":0,"6":0,"7":0,"8":0,"9":0,"10":0},"b":{"0":[1,0]}}
,"C:\\Users\\Kilian\\Documents\\Diplomarbeit\\development\\packages\\projectjs\\src\\streams\\udp.ts": {"path":"C:\\Users\\Kilian\\Documents\\Diplomarbeit\\development\\packages\\projectjs\\src\\streams\\udp.ts","statementMap":{"0":{"start":{"line":1,"column":0},"end":{"line":1,"column":34}},"1":{"start":{"line":2,"column":0},"end":{"line":2,"column":42}},"2":{"start":{"line":3,"column":0},"end":{"line":3,"column":47}},"3":{"start":{"line":7,"column":13},"end":{"line":7,"column":null}},"4":{"start":{"line":18,"column":13},"end":{"line":20,"column":null}},"5":{"start":{"line":19,"column":18},"end":{"line":19,"column":44}},"6":{"start":{"line":20,"column":25},"end":{"line":20,"column":36}},"7":{"start":{"line":23,"column":2},"end":{"line":60,"column":null}},"8":{"start":{"line":27,"column":4},"end":{"line":43,"column":null}},"9":{"start":{"line":31,"column":10},"end":{"line":31,"column":null}},"10":{"start":{"line":37,"column":21},"end":{"line":37,"column":22}},"11":{"start":{"line":38,"column":10},"end":{"line":40,"column":null}},"12":{"start":{"line":39,"column":12},"end":{"line":39,"column":null}},"13":{"start":{"line":41,"column":10},"end":{"line":41,"column":null}},"14":{"start":{"line":47,"column":4},"end":{"line":58,"column":null}},"15":{"start":{"line":49,"column":33},"end":{"line":49,"column":36}},"16":{"start":{"line":50,"column":18},"end":{"line":50,"column":32}},"17":{"start":{"line":51,"column":6},"end":{"line":57,"column":null}},"18":{"start":{"line":52,"column":8},"end":{"line":52,"column":null}},"19":{"start":{"line":53,"column":8},"end":{"line":53,"column":null}},"20":{"start":{"line":54,"column":8},"end":{"line":54,"column":null}},"21":{"start":{"line":55,"column":8},"end":{"line":55,"column":null}},"22":{"start":{"line":56,"column":8},"end":{"line":56,"column":null}},"23":{"start":{"line":59,"column":4},"end":{"line":59,"column":null}},"24":{"start":{"line":22,"column":0},"end":{"line":22,"column":16}},"25":{"start":{"line":65,"column":2},"end":{"line":69,"column":null}},"26":{"start":{"line":65,"column":28},"end":{"line":65,"column":41}},"27":{"start":{"line":66,"column":15},"end":{"line":66,"column":32}},"28":{"start":{"line":67,"column":17},"end":{"line":67,"column":31}},"29":{"start":{"line":68,"column":4},"end":{"line":68,"column":null}},"30":{"start":{"line":64,"column":0},"end":{"line":64,"column":16}}},"fnMap":{"0":{"name":"(anonymous_0)","decl":{"start":{"line":19,"column":12},"end":{"line":19,"column":15}},"loc":{"start":{"line":19,"column":18},"end":{"line":19,"column":44}}},"1":{"name":"(anonymous_1)","decl":{"start":{"line":20,"column":18},"end":{"line":20,"column":21}},"loc":{"start":{"line":20,"column":25},"end":{"line":20,"column":36}}},"2":{"name":"openUDPSteams","decl":{"start":{"line":22,"column":16},"end":{"line":22,"column":29}},"loc":{"start":{"line":22,"column":29},"end":{"line":61,"column":1}}},"3":{"name":"(anonymous_3)","decl":{"start":{"line":23,"column":21},"end":{"line":23,"column":22}},"loc":{"start":{"line":23,"column":41},"end":{"line":60,"column":3}}},"4":{"name":"(anonymous_4)","decl":{"start":{"line":30,"column":12},"end":{"line":30,"column":15}},"loc":{"start":{"line":30,"column":18},"end":{"line":32,"column":9}}},"5":{"name":"(anonymous_5)","decl":{"start":{"line":36,"column":12},"end":{"line":36,"column":13}},"loc":{"start":{"line":36,"column":16},"end":{"line":42,"column":9}}},"6":{"name":"(anonymous_6)","decl":{"start":{"line":47,"column":29},"end":{"line":47,"column":32}},"loc":{"start":{"line":47,"column":35},"end":{"line":58,"column":5}}},"7":{"name":"toggleWallbox","decl":{"start":{"line":64,"column":16},"end":{"line":64,"column":29}},"loc":{"start":{"line":64,"column":61},"end":{"line":70,"column":1}}},"8":{"name":"(anonymous_8)","decl":{"start":{"line":65,"column":23},"end":{"line":65,"column":24}},"loc":{"start":{"line":65,"column":28},"end":{"line":65,"column":41}}},"9":{"name":"(anonymous_9)","decl":{"start":{"line":65,"column":54},"end":{"line":65,"column":55}},"loc":{"start":{"line":65,"column":58},"end":{"line":69,"column":3}}}},"branchMap":{"0":{"loc":{"start":{"line":38,"column":10},"end":{"line":40,"column":null}},"type":"if","locations":[{"start":{"line":38,"column":10},"end":{"line":40,"column":null}},{"start":{"line":38,"column":10},"end":{"line":40,"column":null}}]},"1":{"loc":{"start":{"line":51,"column":6},"end":{"line":57,"column":null}},"type":"if","locations":[{"start":{"line":51,"column":6},"end":{"line":57,"column":null}},{"start":{"line":51,"column":6},"end":{"line":57,"column":null}}]},"2":{"loc":{"start":{"line":68,"column":29},"end":{"line":68,"column":32}},"type":"cond-expr","locations":[{"start":{"line":68,"column":29},"end":{"line":68,"column":32}},{"start":{"line":68,"column":35},"end":{"line":68,"column":38}}]}},"s":{"0":1,"1":1,"2":1,"3":1,"4":1,"5":0,"6":0,"7":1,"8":1,"9":0,"10":0,"11":0,"12":0,"13":0,"14":1,"15":0,"16":0,"17":0,"18":0,"19":0,"20":0,"21":0,"22":0,"23":1,"24":1,"25":0,"26":0,"27":0,"28":0,"29":0,"30":1},"f":{"0":0,"1":0,"2":1,"3":1,"4":0,"5":0,"6":0,"7":0,"8":0,"9":0},"b":{"0":[0,0],"1":[0,0],"2":[0,0]}}
}
